d:\projects\towerdefence\towerdefence\x64\debug\vc142.pdb
d:\projects\towerdefence\towerdefence\x64\debug\vc142.idb
d:\projects\towerdefence\towerdefence\x64\debug\renderingysystem.obj
d:\projects\towerdefence\towerdefence\x64\debug\main.obj
d:\projects\towerdefence\towerdefence\x64\debug\timekeeper.obj
d:\projects\towerdefence\towerdefence\x64\debug\game.obj
d:\projects\towerdefence\towerdefence\x64\debug\loadingmodel.obj
d:\projects\towerdefence\towerdefence\x64\debug\shader.obj
d:\projects\towerdefence\towerdefence\x64\debug\inputhandler.obj
d:\projects\towerdefence\towerdefence\x64\debug\inputfunctions.obj
d:\projects\towerdefence\towerdefence\x64\debug\camera.obj
d:\projects\towerdefence\towerdefence\x64\debug\inputsystem.obj
d:\projects\towerdefence\towerdefence\x64\debug\manageterrain.obj
d:\projects\towerdefence\towerdefence\x64\debug\binary_to_compressed_c.obj
d:\projects\towerdefence\towerdefence\x64\debug\imgui_stdlib.obj
d:\projects\towerdefence\towerdefence\x64\debug\imgui_widgets.obj
d:\projects\towerdefence\towerdefence\x64\debug\imgui_impl_opengl3.obj
d:\projects\towerdefence\towerdefence\x64\debug\imgui_impl_glfw.obj
d:\projects\towerdefence\towerdefence\x64\debug\imgui_draw.obj
d:\projects\towerdefence\towerdefence\x64\debug\imgui_demo.obj
d:\projects\towerdefence\towerdefence\x64\debug\imgui.obj
d:\projects\towerdefence\towerdefence\x64\debug\glad.obj
d:\projects\towerdefence\x64\debug\towerdefence.exe
d:\projects\towerdefence\x64\debug\towerdefence.ilk
d:\projects\towerdefence\x64\debug\towerdefence.pdb
d:\projects\towerdefence\towerdefence\x64\debug\towerdefence.tlog\cl.command.1.tlog
d:\projects\towerdefence\towerdefence\x64\debug\towerdefence.tlog\cl.read.1.tlog
d:\projects\towerdefence\towerdefence\x64\debug\towerdefence.tlog\cl.write.1.tlog
d:\projects\towerdefence\towerdefence\x64\debug\towerdefence.tlog\link-cvtres.read.1.tlog
d:\projects\towerdefence\towerdefence\x64\debug\towerdefence.tlog\link-cvtres.write.1.tlog
d:\projects\towerdefence\towerdefence\x64\debug\towerdefence.tlog\link-rc.read.1.tlog
d:\projects\towerdefence\towerdefence\x64\debug\towerdefence.tlog\link-rc.write.1.tlog
d:\projects\towerdefence\towerdefence\x64\debug\towerdefence.tlog\link.23192-cvtres.read.1.tlog
d:\projects\towerdefence\towerdefence\x64\debug\towerdefence.tlog\link.23192-cvtres.write.1.tlog
d:\projects\towerdefence\towerdefence\x64\debug\towerdefence.tlog\link.23192-rc.read.1.tlog
d:\projects\towerdefence\towerdefence\x64\debug\towerdefence.tlog\link.23192-rc.write.1.tlog
d:\projects\towerdefence\towerdefence\x64\debug\towerdefence.tlog\link.23192.read.1.tlog
d:\projects\towerdefence\towerdefence\x64\debug\towerdefence.tlog\link.23192.write.1.tlog
d:\projects\towerdefence\towerdefence\x64\debug\towerdefence.tlog\link.command.1.tlog
d:\projects\towerdefence\towerdefence\x64\debug\towerdefence.tlog\link.read.1.tlog
d:\projects\towerdefence\towerdefence\x64\debug\towerdefence.tlog\link.write.1.tlog
